#
# There is insufficient memory for the Java Runtime Environment to continue.
# Native memory allocation (malloc) failed to allocate 1048576 bytes. Error detail: AllocateHeap
# Possible reasons:
#   The system is out of physical RAM or swap space
#   This process is running with CompressedOops enabled, and the Java Heap may be blocking the growth of the native heap
# Possible solutions:
#   Reduce memory load on the system
#   Increase physical memory or swap space
#   Check if swap backing store is full
#   Decrease Java heap size (-Xmx/-Xms)
#   Decrease number of Java threads
#   Decrease Java thread stack sizes (-Xss)
#   Set larger code cache with -XX:ReservedCodeCacheSize=
#   JVM is running with Unscaled Compressed Oops mode in which the Java heap is
#     placed in the first 4GB address space. The Java Heap base address is the
#     maximum limit for the native heap growth. Please use -XX:HeapBaseMinAddress
#     to set the Java Heap base and to place the Java Heap above 4GB virtual address.
# This output file may be truncated or incomplete.
#
#  Out of Memory Error (allocation.cpp:44), pid=3680, tid=15328
#
# JRE version: OpenJDK Runtime Environment Temurin-21.0.10+7 (21.0.10+7) (build 21.0.10+7-LTS)
# Java VM: OpenJDK 64-Bit Server VM Temurin-21.0.10+7 (21.0.10+7-LTS, mixed mode, sharing, tiered, compressed oops, compressed class ptrs, parallel gc, windows-amd64)
# No core dump will be written. Minidumps are not enabled by default on client versions of Windows
#

---------------  S U M M A R Y ------------

Command Line: --add-modules=ALL-SYSTEM --add-opens=java.base/java.util=ALL-UNNAMED --add-opens=java.base/java.lang=ALL-UNNAMED --add-opens=java.base/sun.nio.fs=ALL-UNNAMED -Declipse.application=org.eclipse.jdt.ls.core.id1 -Dosgi.bundles.defaultStartLevel=4 -Declipse.product=org.eclipse.jdt.ls.core.product -Djava.import.generatesMetadataFilesAtProjectRoot=false -DDetectVMInstallationsJob.disabled=true -Dfile.encoding=utf8 -XX:+UseParallelGC -XX:GCTimeRatio=4 -XX:AdaptiveSizePolicyWeight=90 -Dsun.zip.disableMemoryMapping=true -Xmx2G -Xms100m -Xlog:disable -javaagent:c:\Users\ALIS\.vscode\extensions\redhat.java-1.54.0-win32-x64\lombok\lombok-1.18.39-4050.jar -XX:+HeapDumpOnOutOfMemoryError -XX:HeapDumpPath=c:\Users\ALIS\AppData\Roaming\Code\User\workspaceStorage\47a5bd2dd7c57ef5a14583fc88e77cac\redhat.java -Daether.dependencyCollector.impl=bf c:\Users\ALIS\.vscode\extensions\redhat.java-1.54.0-win32-x64\server\plugins\org.eclipse.equinox.launcher_1.7.100.v20251111-0406.jar -configuration c:\Users\ALIS\AppData\Roaming\Code\User\globalStorage\redhat.java\1.54.0\config_win -data c:\Users\ALIS\AppData\Roaming\Code\User\workspaceStorage\47a5bd2dd7c57ef5a14583fc88e77cac\redhat.java\jdt_ws --pipe=\\.\pipe\lsp-7982ff6d0f35172be2402e1ff63f3b12-sock

Host: AMD Ryzen 7 5825U with Radeon Graphics         , 16 cores, 5G,  Windows 11 , 64 bit Build 26100 (10.0.26100.8521)
Time: Sun Jun 14 22:59:08 2026 Hora est. Pacífico, Sudamérica elapsed time: 3891.735158 seconds (0d 1h 4m 51s)

---------------  T H R E A D  ---------------

Current thread (0x0000019d018ec9f0):  JavaThread "Attach Listener" daemon [_thread_in_vm, id=15328, stack(0x00000046f9400000,0x00000046f9500000) (1024K)]

Stack: [0x00000046f9400000,0x00000046f9500000]
Native frames: (J=compiled Java code, j=interpreted, Vv=VM code, C=native code)
V  [jvm.dll+0x6d7a39]
V  [jvm.dll+0x8b4b26]
V  [jvm.dll+0x8b70de]
V  [jvm.dll+0x8b77c3]
V  [jvm.dll+0x284346]
V  [jvm.dll+0xc1277]
V  [jvm.dll+0x6d82e9]
V  [jvm.dll+0x1334a6]
V  [jvm.dll+0x3f857e]
V  [jvm.dll+0x85f59d]
V  [jvm.dll+0x6d626d]
C  [ucrtbase.dll+0x2cd30]
C  [KERNEL32.DLL+0x2e957]
C  [ntdll.dll+0x87c1c]


---------------  P R O C E S S  ---------------

Threads class SMR info:
_java_thread_list=0x0000019d0b045940, length=51, elements={
0x0000019ca879ead0, 0x0000019d018e83a0, 0x0000019cbf24df30, 0x0000019d018ebd90,
0x0000019d018ec9f0, 0x0000019d018f0e50, 0x0000019d018f4e20, 0x0000019d01909050,
0x0000019d0190bec0, 0x0000019d01ac41b0, 0x0000019d0704cbd0, 0x0000019d073cc0d0,
0x0000019d0746ce30, 0x0000019d0746f590, 0x0000019d0746ef00, 0x0000019d0746e870,
0x0000019d075bb4e0, 0x0000019d075bfd10, 0x0000019d075be960, 0x0000019d075beff0,
0x0000019d075c03a0, 0x0000019d075bcf20, 0x0000019d075c1750, 0x0000019d075c10c0,
0x0000019d075c1de0, 0x0000019d075c2470, 0x0000019d09053a30, 0x0000019d090540c0,
0x0000019d09054750, 0x0000019d09054de0, 0x0000019d09055470, 0x0000019d09051ff0,
0x0000019d09052680, 0x0000019d09052d10, 0x0000019d090533a0, 0x0000019d08aea420,
0x0000019d08ae9700, 0x0000019d08ae9070, 0x0000019d08aebe60, 0x0000019d08aec4f0,
0x0000019d08aecb80, 0x0000019d08aed210, 0x0000019d09f26720, 0x0000019d08af0690,
0x0000019d09f22580, 0x0000019d09f23fc0, 0x0000019d09f24650, 0x0000019d09f22c10,
0x0000019d09f21ef0, 0x0000019d09f23930, 0x0000019d09f211d0
}

Java Threads: ( => current thread )
  0x0000019ca879ead0 JavaThread "main"                              [_thread_blocked, id=22440, stack(0x00000046f8d00000,0x00000046f8e00000) (1024K)]
  0x0000019d018e83a0 JavaThread "Reference Handler"          daemon [_thread_blocked, id=24480, stack(0x00000046f9100000,0x00000046f9200000) (1024K)]
  0x0000019cbf24df30 JavaThread "Finalizer"                  daemon [_thread_blocked, id=21040, stack(0x00000046f9200000,0x00000046f9300000) (1024K)]
  0x0000019d018ebd90 JavaThread "Signal Dispatcher"          daemon [_thread_blocked, id=7604, stack(0x00000046f9300000,0x00000046f9400000) (1024K)]
=>0x0000019d018ec9f0 JavaThread "Attach Listener"            daemon [_thread_in_vm, id=15328, stack(0x00000046f9400000,0x00000046f9500000) (1024K)]
  0x0000019d018f0e50 JavaThread "Service Thread"             daemon [_thread_blocked, id=23596, stack(0x00000046f9500000,0x00000046f9600000) (1024K)]
  0x0000019d018f4e20 JavaThread "Monitor Deflation Thread"   daemon [_thread_blocked, id=22592, stack(0x00000046f9600000,0x00000046f9700000) (1024K)]
  0x0000019d01909050 JavaThread "C2 CompilerThread0"         daemon [_thread_blocked, id=21460, stack(0x00000046f9700000,0x00000046f9800000) (1024K)]
  0x0000019d0190bec0 JavaThread "C1 CompilerThread0"         daemon [_thread_blocked, id=19300, stack(0x00000046f9800000,0x00000046f9900000) (1024K)]
  0x0000019d01ac41b0 JavaThread "Common-Cleaner"             daemon [_thread_blocked, id=23920, stack(0x00000046f9b00000,0x00000046f9c00000) (1024K)]
  0x0000019d0704cbd0 JavaThread "Notification Thread"        daemon [_thread_blocked, id=23272, stack(0x00000046f9c00000,0x00000046f9d00000) (1024K)]
  0x0000019d073cc0d0 JavaThread "Active Thread: Equinox Container: 591cf4f6-0ad2-4826-b5be-65c98ea906cc"        [_thread_blocked, id=23412, stack(0x00000046faa00000,0x00000046fab00000) (1024K)]
  0x0000019d0746ce30 JavaThread "Framework Event Dispatcher: Equinox Container: 591cf4f6-0ad2-4826-b5be-65c98ea906cc" daemon [_thread_blocked, id=24184, stack(0x00000046f9900000,0x00000046f9a00000) (1024K)]
  0x0000019d0746f590 JavaThread "Start Level: Equinox Container: 591cf4f6-0ad2-4826-b5be-65c98ea906cc" daemon [_thread_blocked, id=22308, stack(0x00000046f9a00000,0x00000046f9b00000) (1024K)]
  0x0000019d0746ef00 JavaThread "Bundle File Closer"         daemon [_thread_blocked, id=14416, stack(0x00000046faf00000,0x00000046fb000000) (1024K)]
  0x0000019d0746e870 JavaThread "Refresh Thread: Equinox Container: 591cf4f6-0ad2-4826-b5be-65c98ea906cc" daemon [_thread_blocked, id=14756, stack(0x00000046fb000000,0x00000046fb100000) (1024K)]
  0x0000019d075bb4e0 JavaThread "SCR Component Actor"        daemon [_thread_blocked, id=16960, stack(0x00000046fae00000,0x00000046faf00000) (1024K)]
  0x0000019d075bfd10 JavaThread "Worker-JM"                         [_thread_blocked, id=23032, stack(0x00000046fc000000,0x00000046fc100000) (1024K)]
  0x0000019d075be960 JavaThread "Worker-0"                          [_thread_blocked, id=6064, stack(0x00000046fc200000,0x00000046fc300000) (1024K)]
  0x0000019d075beff0 JavaThread "Java indexing"              daemon [_thread_blocked, id=23944, stack(0x00000046fc500000,0x00000046fc600000) (1024K)]
  0x0000019d075c03a0 JavaThread "Worker-3"                          [_thread_blocked, id=18532, stack(0x00000046fc700000,0x00000046fc800000) (1024K)]
  0x0000019d075bcf20 JavaThread "JNA Cleaner"                daemon [_thread_blocked, id=7568, stack(0x00000046fc800000,0x00000046fc900000) (1024K)]
  0x0000019d075c1750 JavaThread "Thread-1"                   daemon [_thread_in_native, id=23308, stack(0x00000046fce00000,0x00000046fcf00000) (1024K)]
  0x0000019d075c10c0 JavaThread "Thread-2"                   daemon [_thread_in_native, id=12216, stack(0x00000046fcf00000,0x00000046fd000000) (1024K)]
  0x0000019d075c1de0 JavaThread "Thread-3"                   daemon [_thread_in_native, id=8344, stack(0x00000046fd000000,0x00000046fd100000) (1024K)]
  0x0000019d075c2470 JavaThread "Thread-4"                   daemon [_thread_in_native, id=14952, stack(0x00000046fd100000,0x00000046fd200000) (1024K)]
  0x0000019d09053a30 JavaThread "Thread-5"                   daemon [_thread_in_native, id=11996, stack(0x00000046fd200000,0x00000046fd300000) (1024K)]
  0x0000019d090540c0 JavaThread "Thread-6"                   daemon [_thread_in_native, id=7612, stack(0x00000046fd300000,0x00000046fd400000) (1024K)]
  0x0000019d09054750 JavaThread "Thread-7"                   daemon [_thread_in_native, id=4580, stack(0x00000046fd400000,0x00000046fd500000) (1024K)]
  0x0000019d09054de0 JavaThread "Thread-8"                   daemon [_thread_in_native, id=4228, stack(0x00000046fd500000,0x00000046fd600000) (1024K)]
  0x0000019d09055470 JavaThread "Thread-9"                   daemon [_thread_in_native, id=14460, stack(0x00000046fd600000,0x00000046fd700000) (1024K)]
  0x0000019d09051ff0 JavaThread "Thread-10"                  daemon [_thread_in_native, id=15116, stack(0x00000046fd700000,0x00000046fd800000) (1024K)]
  0x0000019d09052680 JavaThread "Thread-11"                  daemon [_thread_in_native, id=4748, stack(0x00000046fd800000,0x00000046fd900000) (1024K)]
  0x0000019d09052d10 JavaThread "Thread-12"                  daemon [_thread_in_native, id=7296, stack(0x00000046fd900000,0x00000046fda00000) (1024K)]
  0x0000019d090533a0 JavaThread "Thread-13"                  daemon [_thread_in_native, id=22844, stack(0x00000046fda00000,0x00000046fdb00000) (1024K)]
  0x0000019d08aea420 JavaThread "Thread-14"                  daemon [_thread_in_native, id=21212, stack(0x00000046fdb00000,0x00000046fdc00000) (1024K)]
  0x0000019d08ae9700 JavaThread "Thread-15"                  daemon [_thread_in_native, id=16000, stack(0x00000046fdc00000,0x00000046fdd00000) (1024K)]
  0x0000019d08ae9070 JavaThread "Thread-16"                  daemon [_thread_in_native, id=8532, stack(0x00000046fdd00000,0x00000046fde00000) (1024K)]
  0x0000019d08aebe60 JavaThread "Thread-17"                  daemon [_thread_in_native, id=23896, stack(0x00000046fde00000,0x00000046fdf00000) (1024K)]
  0x0000019d08aec4f0 JavaThread "pool-2-thread-1"                   [_thread_blocked, id=6920, stack(0x00000046fdf00000,0x00000046fe000000) (1024K)]
  0x0000019d08aecb80 JavaThread "WorkspaceEventsHandler"            [_thread_blocked, id=19960, stack(0x00000046fa400000,0x00000046fa500000) (1024K)]
  0x0000019d08aed210 JavaThread "pool-1-thread-1"                   [_thread_blocked, id=20440, stack(0x00000046fa500000,0x00000046fa600000) (1024K)]
  0x0000019d09f26720 JavaThread "Cleaner-0"                  daemon [_thread_blocked, id=14660, stack(0x0000004681000000,0x0000004681100000) (1024K)]
  0x0000019d08af0690 JavaThread "Worker-7"                          [_thread_blocked, id=17932, stack(0x0000004680100000,0x0000004680200000) (1024K)]
  0x0000019d09f22580 JavaThread "Compiler Source File Reader" daemon [_thread_blocked, id=12104, stack(0x0000004680200000,0x0000004680300000) (1024K)]
  0x0000019d09f23fc0 JavaThread "Compiler Processing Task"   daemon [_thread_blocked, id=23628, stack(0x0000004680300000,0x0000004680400000) (1024K)]
  0x0000019d09f24650 JavaThread "Worker-8"                          [_thread_blocked, id=14708, stack(0x0000004680000000,0x0000004680100000) (1024K)]
  0x0000019d09f22c10 JavaThread "Compiler Source File Reader" daemon [_thread_blocked, id=18356, stack(0x0000004680400000,0x0000004680500000) (1024K)]
  0x0000019d09f21ef0 JavaThread "Worker-9"                          [_thread_blocked, id=11400, stack(0x0000004680500000,0x0000004680600000) (1024K)]
  0x0000019d09f23930 JavaThread "Compiler Source File Reader" daemon [_thread_blocked, id=2684, stack(0x0000004680700000,0x0000004680800000) (1024K)]
  0x0000019d09f211d0 JavaThread "ForkJoinPool.commonPool-worker-31" daemon [_thread_blocked, id=5520, stack(0x0000004680900000,0x0000004680a00000) (1024K)]
Total: 51

Other Threads:
  0x0000019cbf234950 VMThread "VM Thread"                           [id=5552, stack(0x00000046f9000000,0x00000046f9100000) (1024K)]
  0x0000019cbf12ba00 WatcherThread "VM Periodic Task Thread"        [id=14760, stack(0x00000046f8f00000,0x00000046f9000000) (1024K)]
  0x0000019ca87bcca0 WorkerThread "GC Thread#0"                     [id=2148, stack(0x00000046f8e00000,0x00000046f8f00000) (1024K)]
  0x0000019d0705d9a0 WorkerThread "GC Thread#1"                     [id=12936, stack(0x00000046f9d00000,0x00000046f9e00000) (1024K)]
  0x0000019d0705dd50 WorkerThread "GC Thread#2"                     [id=15380, stack(0x00000046f9e00000,0x00000046f9f00000) (1024K)]
  0x0000019d0705e100 WorkerThread "GC Thread#3"                     [id=6924, stack(0x00000046f9f00000,0x00000046fa000000) (1024K)]
  0x0000019d0705e8b0 WorkerThread "GC Thread#4"                     [id=19332, stack(0x00000046fa000000,0x00000046fa100000) (1024K)]
  0x0000019d076dc2b0 WorkerThread "GC Thread#5"                     [id=12180, stack(0x00000046fa100000,0x00000046fa200000) (1024K)]
  0x0000019d076dc660 WorkerThread "GC Thread#6"                     [id=20928, stack(0x00000046fa200000,0x00000046fa300000) (1024K)]
  0x0000019d0749f010 WorkerThread "GC Thread#7"                     [id=6056, stack(0x00000046fa300000,0x00000046fa400000) (1024K)]
  0x0000019d07d76ac0 WorkerThread "GC Thread#8"                     [id=22992, stack(0x00000046fbd00000,0x00000046fbe00000) (1024K)]
  0x0000019d079bf960 WorkerThread "GC Thread#9"                     [id=8936, stack(0x00000046fac00000,0x00000046fad00000) (1024K)]
  0x0000019d0777ff40 WorkerThread "GC Thread#10"                    [id=5544, stack(0x00000046fad00000,0x00000046fae00000) (1024K)]
  0x0000019d01bf6d80 WorkerThread "GC Thread#11"                    [id=23980, stack(0x00000046fbe00000,0x00000046fbf00000) (1024K)]
  0x0000019d01bf74e0 WorkerThread "GC Thread#12"                    [id=10524, stack(0x00000046fbf00000,0x00000046fc000000) (1024K)]
Total: 15

Threads with active compile tasks:
Total: 0

VM state: not at safepoint (normal execution)

VM Mutex/Monitor currently owned by a thread: None

Heap address: 0x0000000080000000, size: 2048 MB, Compressed Oops mode: 32-bit

CDS archive(s) mapped at: [0x0000019cc0000000-0x0000019cc0ba0000-0x0000019cc0ba0000), size 12189696, SharedBaseAddress: 0x0000019cc0000000, ArchiveRelocationMode: 1.
Compressed class space mapped at: 0x0000019cc1000000-0x0000019d01000000, reserved size: 1073741824
Narrow klass base: 0x0000019cc0000000, Narrow klass shift: 0, Narrow klass range: 0x100000000

GC Precious Log:
 CardTable entry size: 512
 CPUs: 16 total, 16 available
 Memory: 5989M
 Large Page Support: Disabled
 NUMA Support: Disabled
 Compressed Oops: Enabled (32-bit)
 Alignments: Space 512K, Generation 512K, Heap 2M
 Heap Min Capacity: 100M
 Heap Initial Capacity: 100M
 Heap Max Capacity: 2G
 Pre-touch: Disabled
 Parallel Workers: 13

Heap:
 PSYoungGen      total 4096K, used 4069K [0x00000000d5580000, 0x00000000d6700000, 0x0000000100000000)
  eden space 2560K, 99% used [0x00000000d5580000,0x00000000d57fa2f8,0x00000000d5800000)
  from space 1536K, 99% used [0x00000000d5e00000,0x00000000d5f7f1e8,0x00000000d5f80000)
  to   space 6144K, 0% used [0x00000000d5800000,0x00000000d5800000,0x00000000d5e00000)
 ParOldGen       total 894976K, used 449553K [0x0000000080000000, 0x00000000b6a00000, 0x00000000d5580000)
  object space 894976K, 50% used [0x0000000080000000,0x000000009b704618,0x00000000b6a00000)
 Metaspace       used 89507K, committed 91328K, reserved 1179648K
  class space    used 9372K, committed 10176K, reserved 1048576K

Card table byte_map: [0x0000019ca8140000,0x0000019ca8550000] _byte_map_base: 0x0000019ca7d40000

Marking Bits: (ParMarkBitMap*) 0x00007ff9853a3450
 Begin Bits: [0x0000019cbac50000, 0x0000019cbcc50000)
 End Bits:   [0x0000019cbcc50000, 0x0000019cbec50000)

Polling page: 0x0000019ca65b0000

Metaspace:

Usage:
  Non-class:     78.26 MB used.
      Class:      9.15 MB used.
       Both:     87.41 MB used.

Virtual space:
  Non-class space:      128.00 MB reserved,      79.25 MB ( 62%) committed,  2 nodes.
      Class space:        1.00 GB reserved,       9.94 MB ( <1%) committed,  1 nodes.
             Both:        1.12 GB reserved,      89.19 MB (  8%) committed. 

Chunk freelists:
   Non-Class:  15.86 MB
       Class:  5.92 MB
        Both:  21.78 MB

MaxMetaspaceSize: unlimited
CompressedClassSpaceSize: 1.00 GB
Initial GC threshold: 21.00 MB
Current GC threshold: 136.81 MB
CDS: on
 - commit_granule_bytes: 65536.
 - commit_granule_words: 8192.
 - virtual_space_node_default_size: 8388608.
 - enlarge_chunks_in_place: 1.
 - use_allocation_guard: 0.


Internal statistics:

num_allocs_failed_limit: 9.
num_arena_births: 1634.
num_arena_deaths: 390.
num_vsnodes_births: 3.
num_vsnodes_deaths: 0.
num_space_committed: 1427.
num_space_uncommitted: 0.
num_chunks_returned_to_freelist: 457.
num_chunks_taken_from_freelist: 5940.
num_chunk_merges: 108.
num_chunk_splits: 3483.
num_chunks_enlarged: 2035.
num_inconsistent_stats: 0.

CodeHeap 'non-profiled nmethods': size=119168Kb used=18473Kb max_used=18473Kb free=100694Kb
 bounds [0x0000019cb3540000, 0x0000019cb4750000, 0x0000019cba9a0000]
CodeHeap 'profiled nmethods': size=119104Kb used=43701Kb max_used=43701Kb free=75402Kb
 bounds [0x0000019cab9a0000, 0x0000019cae450000, 0x0000019cb2df0000]
CodeHeap 'non-nmethods': size=7488Kb used=1528Kb max_used=3278Kb free=5959Kb
 bounds [0x0000019cb2df0000, 0x0000019cb3140000, 0x0000019cb3540000]
CodeCache: size=245760Kb, used=63702Kb, max_used=65452Kb, free=182055Kb
 total_blobs=18842, nmethods=17996, adapters=749, full_count=0
Compilation: enabled, stopped_count=0, restarted_count=0

Compilation events (20 events):
Event: 3853.886 Thread 0x0000019d01909050 20002       4       org.eclipse.jdt.internal.compiler.lookup.ReferenceBinding::storeAnnotations (97 bytes)
Event: 3853.888 Thread 0x0000019d081bb760 nmethod 20025 0x0000019cae438e90 code [0x0000019cae439580, 0x0000019cae43db00]
Event: 3853.893 Thread 0x0000019d0a5851b0 nmethod 20003 0x0000019cb4741610 code [0x0000019cb47417e0, 0x0000019cb4741d38]
Event: 3853.893 Thread 0x0000019d0a5851b0 20009       4       java.util.stream.ReferencePipeline$Head::forEach (26 bytes)
Event: 3853.894 Thread 0x0000019d0a5851b0 nmethod 20009 0x0000019cb4742090 code [0x0000019cb4742220, 0x0000019cb4742390]
Event: 3853.905 Thread 0x0000019d01909050 nmethod 20002 0x0000019cb4742510 code [0x0000019cb47427c0, 0x0000019cb47434c0]
Event: 3853.922 Thread 0x0000019d081bb760 20027       3       org.eclipse.jdt.internal.core.builder.ReferenceCollection::intersects (143 bytes)
Event: 3853.923 Thread 0x0000019d081bb760 nmethod 20027 0x0000019cae440090 code [0x0000019cae4402a0, 0x0000019cae4408b8]
Event: 3853.927 Thread 0x0000019d081bb760 20028       3       org.eclipse.m2e.core.internal.MavenPluginActivator::getDefault (4 bytes)
Event: 3853.928 Thread 0x0000019d081bb760 nmethod 20028 0x0000019cae440b10 code [0x0000019cae440ca0, 0x0000019cae440d98]
Event: 3853.928 Thread 0x0000019d01909050 20029       4       ch.qos.logback.classic.Logger::buildLoggingEventAndAppend (31 bytes)
Event: 3853.930 Thread 0x0000019d0190bec0 20030   !   3       org.eclipse.jdt.internal.core.DeltaProcessor::checkProjectsAndClasspathChanges (1046 bytes)
Event: 3853.932 Thread 0x0000019d081bb760 20031       3       org.eclipse.core.internal.content.FileSpec::equals (41 bytes)
Event: 3853.933 Thread 0x0000019d081bb760 nmethod 20031 0x0000019cae440e10 code [0x0000019cae440fe0, 0x0000019cae4412d8]
Event: 3853.941 Thread 0x0000019d0190bec0 nmethod 20030 0x0000019cae441410 code [0x0000019cae442140, 0x0000019cae44a480]
Event: 3853.971 Thread 0x0000019d01909050 nmethod 20029 0x0000019cb4743f90 code [0x0000019cb47442e0, 0x0000019cb4745390]
Event: 3858.128 Thread 0x0000019d01909050 20032       4       java.util.regex.Pattern::sequence (647 bytes)
Event: 3858.180 Thread 0x0000019d01909050 nmethod 20032 0x0000019cb4747990 code [0x0000019cb4747de0, 0x0000019cb47492b0]
Event: 3866.672 Thread 0x0000019d0190bec0 20033       1       com.sun.jna.internal.Cleaner::access$200 (5 bytes)
Event: 3866.673 Thread 0x0000019d0190bec0 nmethod 20033 0x0000019cb474a410 code [0x0000019cb474a5a0, 0x0000019cb474a650]

GC Heap History (20 events):
Event: 3851.766 GC heap before
{Heap before GC invocations=1881 (full 4):
 PSYoungGen      total 2560K, used 2551K [0x00000000d5580000, 0x00000000d5b80000, 0x0000000100000000)
  eden space 2048K, 99% used [0x00000000d5580000,0x00000000d577fff8,0x00000000d5780000)
  from space 512K, 98% used [0x00000000d5980000,0x00000000d59fe000,0x00000000d5a00000)
  to   space 2048K, 0% used [0x00000000d5780000,0x00000000d5780000,0x00000000d5980000)
 ParOldGen       total 894976K, used 330294K [0x0000000080000000, 0x00000000b6a00000, 0x00000000d5580000)
  object space 894976K, 36% used [0x0000000080000000,0x000000009428db40,0x00000000b6a00000)
 Metaspace       used 89386K, committed 91136K, reserved 1179648K
  class space    used 9371K, committed 10176K, reserved 1048576K
}
Event: 3851.769 GC heap after
{Heap after GC invocations=1881 (full 4):
 PSYoungGen      total 4096K, used 2026K [0x00000000d5580000, 0x00000000d5d00000, 0x0000000100000000)
  eden space 2048K, 0% used [0x00000000d5580000,0x00000000d5580000,0x00000000d5780000)
  from space 2048K, 98% used [0x00000000d5780000,0x00000000d597a868,0x00000000d5980000)
  to   space 2560K, 0% used [0x00000000d5a80000,0x00000000d5a80000,0x00000000d5d00000)
 ParOldGen       total 894976K, used 330582K [0x0000000080000000, 0x00000000b6a00000, 0x00000000d5580000)
  object space 894976K, 36% used [0x0000000080000000,0x00000000942d5b60,0x00000000b6a00000)
 Metaspace       used 89386K, committed 91136K, reserved 1179648K
  class space    used 9371K, committed 10176K, reserved 1048576K
}
Event: 3851.797 GC heap before
{Heap before GC invocations=1882 (full 4):
 PSYoungGen      total 4096K, used 3622K [0x00000000d5580000, 0x00000000d5d00000, 0x0000000100000000)
  eden space 2048K, 77% used [0x00000000d5580000,0x00000000d570f220,0x00000000d5780000)
  from space 2048K, 98% used [0x00000000d5780000,0x00000000d597a868,0x00000000d5980000)
  to   space 2560K, 0% used [0x00000000d5a80000,0x00000000d5a80000,0x00000000d5d00000)
 ParOldGen       total 894976K, used 331702K [0x0000000080000000, 0x00000000b6a00000, 0x00000000d5580000)
  object space 894976K, 37% used [0x0000000080000000,0x00000000943edb60,0x00000000b6a00000)
 Metaspace       used 89386K, committed 91136K, reserved 1179648K
  class space    used 9371K, committed 10176K, reserved 1048576K
}
Event: 3851.805 GC heap after
{Heap after GC invocations=1882 (full 4):
 PSYoungGen      total 4608K, used 1755K [0x00000000d5580000, 0x00000000d5c80000, 0x0000000100000000)
  eden space 2560K, 0% used [0x00000000d5580000,0x00000000d5580000,0x00000000d5800000)
  from space 2048K, 85% used [0x00000000d5a80000,0x00000000d5c36f00,0x00000000d5c80000)
  to   space 2048K, 0% used [0x00000000d5880000,0x00000000d5880000,0x00000000d5a80000)
 ParOldGen       total 894976K, used 333723K [0x0000000080000000, 0x00000000b6a00000, 0x00000000d5580000)
  object space 894976K, 37% used [0x0000000080000000,0x00000000945e6ed8,0x00000000b6a00000)
 Metaspace       used 89386K, committed 91136K, reserved 1179648K
  class space    used 9371K, committed 10176K, reserved 1048576K
}
Event: 3851.822 GC heap before
{Heap before GC invocations=1883 (full 4):
 PSYoungGen      total 4608K, used 4291K [0x00000000d5580000, 0x00000000d5c80000, 0x0000000100000000)
  eden space 2560K, 99% used [0x00000000d5580000,0x00000000d57f9e98,0x00000000d5800000)
  from space 2048K, 85% used [0x00000000d5a80000,0x00000000d5c36f00,0x00000000d5c80000)
  to   space 2048K, 0% used [0x00000000d5880000,0x00000000d5880000,0x00000000d5a80000)
 ParOldGen       total 894976K, used 333723K [0x0000000080000000, 0x00000000b6a00000, 0x00000000d5580000)
  object space 894976K, 37% used [0x0000000080000000,0x00000000945e6ed8,0x00000000b6a00000)
 Metaspace       used 89386K, committed 91136K, reserved 1179648K
  class space    used 9371K, committed 10176K, reserved 1048576K
}
Event: 3851.833 GC heap after
{Heap after GC invocations=1883 (full 4):
 PSYoungGen      total 5120K, used 2009K [0x00000000d5580000, 0x00000000d5d80000, 0x0000000100000000)
  eden space 3072K, 0% used [0x00000000d5580000,0x00000000d5580000,0x00000000d5880000)
  from space 2048K, 98% used [0x00000000d5880000,0x00000000d5a76758,0x00000000d5a80000)
  to   space 2560K, 0% used [0x00000000d5b00000,0x00000000d5b00000,0x00000000d5d80000)
 ParOldGen       total 894976K, used 336056K [0x0000000080000000, 0x00000000b6a00000, 0x00000000d5580000)
  object space 894976K, 37% used [0x0000000080000000,0x000000009482e090,0x00000000b6a00000)
 Metaspace       used 89386K, committed 91136K, reserved 1179648K
  class space    used 9371K, committed 10176K, reserved 1048576K
}
Event: 3851.900 GC heap before
{Heap before GC invocations=1884 (full 4):
 PSYoungGen      total 5120K, used 5081K [0x00000000d5580000, 0x00000000d5d80000, 0x0000000100000000)
  eden space 3072K, 100% used [0x00000000d5580000,0x00000000d5880000,0x00000000d5880000)
  from space 2048K, 98% used [0x00000000d5880000,0x00000000d5a76758,0x00000000d5a80000)
  to   space 2560K, 0% used [0x00000000d5b00000,0x00000000d5b00000,0x00000000d5d80000)
 ParOldGen       total 894976K, used 336056K [0x0000000080000000, 0x00000000b6a00000, 0x00000000d5580000)
  object space 894976K, 37% used [0x0000000080000000,0x000000009482e090,0x00000000b6a00000)
 Metaspace       used 89392K, committed 91136K, reserved 1179648K
  class space    used 9371K, committed 10176K, reserved 1048576K
}
Event: 3851.916 GC heap after
{Heap after GC invocations=1884 (full 4):
 PSYoungGen      total 5632K, used 2218K [0x00000000d5580000, 0x00000000d5e80000, 0x0000000100000000)
  eden space 3072K, 0% used [0x00000000d5580000,0x00000000d5580000,0x00000000d5880000)
  from space 2560K, 86% used [0x00000000d5b00000,0x00000000d5d2a908,0x00000000d5d80000)
  to   space 2560K, 0% used [0x00000000d5880000,0x00000000d5880000,0x00000000d5b00000)
 ParOldGen       total 894976K, used 340080K [0x0000000080000000, 0x00000000b6a00000, 0x00000000d5580000)
  object space 894976K, 37% used [0x0000000080000000,0x0000000094c1c2e0,0x00000000b6a00000)
 Metaspace       used 89392K, committed 91136K, reserved 1179648K
  class space    used 9371K, committed 10176K, reserved 1048576K
}
Event: 3851.936 GC heap before
{Heap before GC invocations=1885 (full 4):
 PSYoungGen      total 5632K, used 5290K [0x00000000d5580000, 0x00000000d5e80000, 0x0000000100000000)
  eden space 3072K, 99% used [0x00000000d5580000,0x00000000d587ffa8,0x00000000d5880000)
  from space 2560K, 86% used [0x00000000d5b00000,0x00000000d5d2a908,0x00000000d5d80000)
  to   space 2560K, 0% used [0x00000000d5880000,0x00000000d5880000,0x00000000d5b00000)
 ParOldGen       total 894976K, used 340080K [0x0000000080000000, 0x00000000b6a00000, 0x00000000d5580000)
  object space 894976K, 37% used [0x0000000080000000,0x0000000094c1c2e0,0x00000000b6a00000)
 Metaspace       used 89393K, committed 91136K, reserved 1179648K
  class space    used 9371K, committed 10176K, reserved 1048576K
}
Event: 3851.943 GC heap after
{Heap after GC invocations=1885 (full 4):
 PSYoungGen      total 5632K, used 2534K [0x00000000d5580000, 0x00000000d6480000, 0x0000000100000000)
  eden space 3072K, 0% used [0x00000000d5580000,0x00000000d5580000,0x00000000d5880000)
  from space 2560K, 98% used [0x00000000d5880000,0x00000000d5af9820,0x00000000d5b00000)
  to   space 5632K, 0% used [0x00000000d5f00000,0x00000000d5f00000,0x00000000d6480000)
 ParOldGen       total 894976K, used 342288K [0x0000000080000000, 0x00000000b6a00000, 0x00000000d5580000)
  object space 894976K, 38% used [0x0000000080000000,0x0000000094e441c0,0x00000000b6a00000)
 Metaspace       used 89393K, committed 91136K, reserved 1179648K
  class space    used 9371K, committed 10176K, reserved 1048576K
}
Event: 3851.960 GC heap before
{Heap before GC invocations=1886 (full 4):
 PSYoungGen      total 5632K, used 5606K [0x00000000d5580000, 0x00000000d6480000, 0x0000000100000000)
  eden space 3072K, 100% used [0x00000000d5580000,0x00000000d5880000,0x00000000d5880000)
  from space 2560K, 98% used [0x00000000d5880000,0x00000000d5af9820,0x00000000d5b00000)
  to   space 5632K, 0% used [0x00000000d5f00000,0x00000000d5f00000,0x00000000d6480000)
 ParOldGen       total 894976K, used 342288K [0x0000000080000000, 0x00000000b6a00000, 0x00000000d5580000)
  object space 894976K, 38% used [0x0000000080000000,0x0000000094e441c0,0x00000000b6a00000)
 Metaspace       used 89397K, committed 91200K, reserved 1179648K
  class space    used 9371K, committed 10176K, reserved 1048576K
}
Event: 3851.973 GC heap after
{Heap after GC invocations=1886 (full 4):
 PSYoungGen      total 7168K, used 3008K [0x00000000d5580000, 0x00000000d6200000, 0x0000000100000000)
  eden space 4096K, 0% used [0x00000000d5580000,0x00000000d5580000,0x00000000d5980000)
  from space 3072K, 97% used [0x00000000d5f00000,0x00000000d61f0000,0x00000000d6200000)
  to   space 4096K, 0% used [0x00000000d5a00000,0x00000000d5a00000,0x00000000d5e00000)
 ParOldGen       total 894976K, used 344886K [0x0000000080000000, 0x00000000b6a00000, 0x00000000d5580000)
  object space 894976K, 38% used [0x0000000080000000,0x00000000950cd9e0,0x00000000b6a00000)
 Metaspace       used 89397K, committed 91200K, reserved 1179648K
  class space    used 9371K, committed 10176K, reserved 1048576K
}
Event: 3851.989 GC heap before
{Heap before GC invocations=1887 (full 4):
 PSYoungGen      total 7168K, used 7104K [0x00000000d5580000, 0x00000000d6200000, 0x0000000100000000)
  eden space 4096K, 100% used [0x00000000d5580000,0x00000000d5980000,0x00000000d5980000)
  from space 3072K, 97% used [0x00000000d5f00000,0x00000000d61f0000,0x00000000d6200000)
  to   space 4096K, 0% used [0x00000000d5a00000,0x00000000d5a00000,0x00000000d5e00000)
 ParOldGen       total 894976K, used 344886K [0x0000000080000000, 0x00000000b6a00000, 0x00000000d5580000)
  object space 894976K, 38% used [0x0000000080000000,0x00000000950cd9e0,0x00000000b6a00000)
 Metaspace       used 89400K, committed 91200K, reserved 1179648K
  class space    used 9371K, committed 10176K, reserved 1048576K
}
Event: 3852.000 GC heap after
{Heap after GC invocations=1887 (full 4):
 PSYoungGen      total 8704K, used 3744K [0x00000000d5580000, 0x00000000d6280000, 0x0000000100000000)
  eden space 4608K, 0% used [0x00000000d5580000,0x00000000d5580000,0x00000000d5a00000)
  from space 4096K, 91% used [0x00000000d5a00000,0x00000000d5da8000,0x00000000d5e00000)
  to   space 4096K, 0% used [0x00000000d5e80000,0x00000000d5e80000,0x00000000d6280000)
 ParOldGen       total 894976K, used 347714K [0x0000000080000000, 0x00000000b6a00000, 0x00000000d5580000)
  object space 894976K, 38% used [0x0000000080000000,0x00000000953909f0,0x00000000b6a00000)
 Metaspace       used 89400K, committed 91200K, reserved 1179648K
  class space    used 9371K, committed 10176K, reserved 1048576K
}
Event: 3852.117 GC heap before
{Heap before GC invocations=1888 (full 4):
 PSYoungGen      total 8704K, used 8352K [0x00000000d5580000, 0x00000000d6280000, 0x0000000100000000)
  eden space 4608K, 100% used [0x00000000d5580000,0x00000000d5a00000,0x00000000d5a00000)
  from space 4096K, 91% used [0x00000000d5a00000,0x00000000d5da8000,0x00000000d5e00000)
  to   space 4096K, 0% used [0x00000000d5e80000,0x00000000d5e80000,0x00000000d6280000)
 ParOldGen       total 894976K, used 355394K [0x0000000080000000, 0x00000000b6a00000, 0x00000000d5580000)
  object space 894976K, 39% used [0x0000000080000000,0x0000000095b10a00,0x00000000b6a00000)
 Metaspace       used 89414K, committed 91200K, reserved 1179648K
  class space    used 9371K, committed 10176K, reserved 1048576K
}
Event: 3852.129 GC heap after
{Heap after GC invocations=1888 (full 4):
 PSYoungGen      total 9216K, used 2800K [0x00000000d5580000, 0x00000000d6200000, 0x0000000100000000)
  eden space 5632K, 0% used [0x00000000d5580000,0x00000000d5580000,0x00000000d5b00000)
  from space 3584K, 78% used [0x00000000d5e80000,0x00000000d613c010,0x00000000d6200000)
  to   space 3584K, 0% used [0x00000000d5b00000,0x00000000d5b00000,0x00000000d5e80000)
 ParOldGen       total 894976K, used 359042K [0x0000000080000000, 0x00000000b6a00000, 0x00000000d5580000)
  object space 894976K, 40% used [0x0000000080000000,0x0000000095ea0a00,0x00000000b6a00000)
 Metaspace       used 89414K, committed 91200K, reserved 1179648K
  class space    used 9371K, committed 10176K, reserved 1048576K
}
Event: 3853.806 GC heap before
{Heap before GC invocations=1889 (full 4):
 PSYoungGen      total 9216K, used 8345K [0x00000000d5580000, 0x00000000d6200000, 0x0000000100000000)
  eden space 5632K, 98% used [0x00000000d5580000,0x00000000d5aea698,0x00000000d5b00000)
  from space 3584K, 78% used [0x00000000d5e80000,0x00000000d613c010,0x00000000d6200000)
  to   space 3584K, 0% used [0x00000000d5b00000,0x00000000d5b00000,0x00000000d5e80000)
 ParOldGen       total 894976K, used 443522K [0x0000000080000000, 0x00000000b6a00000, 0x00000000d5580000)
  object space 894976K, 49% used [0x0000000080000000,0x000000009b120a80,0x00000000b6a00000)
 Metaspace       used 89422K, committed 91200K, reserved 1179648K
  class space    used 9371K, committed 10176K, reserved 1048576K
}
Event: 3853.815 GC heap after
{Heap after GC invocations=1889 (full 4):
 PSYoungGen      total 6656K, used 608K [0x00000000d5580000, 0x00000000d5f80000, 0x0000000100000000)
  eden space 5632K, 0% used [0x00000000d5580000,0x00000000d5580000,0x00000000d5b00000)
  from space 1024K, 59% used [0x00000000d5b00000,0x00000000d5b98060,0x00000000d5c00000)
  to   space 1536K, 0% used [0x00000000d5e00000,0x00000000d5e00000,0x00000000d5f80000)
 ParOldGen       total 894976K, used 446011K [0x0000000080000000, 0x00000000b6a00000, 0x00000000d5580000)
  object space 894976K, 49% used [0x0000000080000000,0x000000009b38ed80,0x00000000b6a00000)
 Metaspace       used 89422K, committed 91200K, reserved 1179648K
  class space    used 9371K, committed 10176K, reserved 1048576K
}
Event: 3853.846 GC heap before
{Heap before GC invocations=1890 (full 4):
 PSYoungGen      total 6656K, used 6240K [0x00000000d5580000, 0x00000000d5f80000, 0x0000000100000000)
  eden space 5632K, 100% used [0x00000000d5580000,0x00000000d5b00000,0x00000000d5b00000)
  from space 1024K, 59% used [0x00000000d5b00000,0x00000000d5b98060,0x00000000d5c00000)
  to   space 1536K, 0% used [0x00000000d5e00000,0x00000000d5e00000,0x00000000d5f80000)
 ParOldGen       total 894976K, used 446011K [0x0000000080000000, 0x00000000b6a00000, 0x00000000d5580000)
  object space 894976K, 49% used [0x0000000080000000,0x000000009b38ed80,0x00000000b6a00000)
 Metaspace       used 89426K, committed 91200K, reserved 1179648K
  class space    used 9371K, committed 10176K, reserved 1048576K
}
Event: 3853.853 GC heap after
{Heap after GC invocations=1890 (full 4):
 PSYoungGen      total 4096K, used 1532K [0x00000000d5580000, 0x00000000d6700000, 0x0000000100000000)
  eden space 2560K, 0% used [0x00000000d5580000,0x00000000d5580000,0x00000000d5800000)
  from space 1536K, 99% used [0x00000000d5e00000,0x00000000d5f7f1e8,0x00000000d5f80000)
  to   space 6144K, 0% used [0x00000000d5800000,0x00000000d5800000,0x00000000d5e00000)
 ParOldGen       total 894976K, used 449553K [0x0000000080000000, 0x00000000b6a00000, 0x00000000d5580000)
  object space 894976K, 50% used [0x0000000080000000,0x000000009b704618,0x00000000b6a00000)
 Metaspace       used 89426K, committed 91200K, reserved 1179648K
  class space    used 9371K, committed 10176K, reserved 1048576K
}

Dll operation events (14 events):
Event: 0.214 Loaded shared library c:\Users\ALIS\.vscode\extensions\redhat.java-1.54.0-win32-x64\jre\21.0.10-win32-x86_64\bin\java.dll
Event: 0.422 Loaded shared library c:\Users\ALIS\.vscode\extensions\redhat.java-1.54.0-win32-x64\jre\21.0.10-win32-x86_64\bin\zip.dll
Event: 0.460 Loaded shared library C:\Users\ALIS\.vscode\extensions\redhat.java-1.54.0-win32-x64\jre\21.0.10-win32-x86_64\bin\instrument.dll
Event: 0.539 Loaded shared library C:\Users\ALIS\.vscode\extensions\redhat.java-1.54.0-win32-x64\jre\21.0.10-win32-x86_64\bin\net.dll
Event: 0.604 Loaded shared library C:\Users\ALIS\.vscode\extensions\redhat.java-1.54.0-win32-x64\jre\21.0.10-win32-x86_64\bin\nio.dll
Event: 0.610 Loaded shared library C:\Users\ALIS\.vscode\extensions\redhat.java-1.54.0-win32-x64\jre\21.0.10-win32-x86_64\bin\zip.dll
Event: 0.639 Loaded shared library C:\Users\ALIS\.vscode\extensions\redhat.java-1.54.0-win32-x64\jre\21.0.10-win32-x86_64\bin\jimage.dll
Event: 0.789 Loaded shared library c:\Users\ALIS\.vscode\extensions\redhat.java-1.54.0-win32-x64\jre\21.0.10-win32-x86_64\bin\verify.dll
Event: 9.540 Loaded shared library C:\Users\ALIS\AppData\Roaming\Code\User\globalStorage\redhat.java\1.54.0\config_win\org.eclipse.equinox.launcher\org.eclipse.equinox.launcher.win32.win32.x86_64_1.3.0.v20260203-2149\eclipse_11919.dll
Event: 17.495 Loaded shared library C:\Users\ALIS\.vscode\extensions\redhat.java-1.54.0-win32-x64\jre\21.0.10-win32-x86_64\bin\management.dll
Event: 17.497 Loaded shared library C:\Users\ALIS\.vscode\extensions\redhat.java-1.54.0-win32-x64\jre\21.0.10-win32-x86_64\bin\management_ext.dll
Event: 19.048 Loaded shared library C:\Users\ALIS\AppData\Local\Temp\jna-2011797\jna1286304367066097175.dll
Event: 19.303 Loaded shared library C:\Users\ALIS\.vscode\extensions\redhat.java-1.54.0-win32-x64\jre\21.0.10-win32-x86_64\bin\sunmscapi.dll
Event: 19.845 Loaded shared library C:\Users\ALIS\.vscode\extensions\redhat.java-1.54.0-win32-x64\jre\21.0.10-win32-x86_64\bin\extnet.dll

Deoptimization events (20 events):
Event: 3852.676 Thread 0x0000019d075beff0 Uncommon trap: trap_request=0xffffff45 fr.pc=0x0000019cb3f83b2c relative=0x00000000000006ec
Event: 3852.676 Thread 0x0000019d075beff0 Uncommon trap: reason=unstable_if action=reinterpret pc=0x0000019cb3f83b2c method=org.eclipse.jdt.internal.core.index.MemoryIndex.remove(Ljava/lang/String;)V @ 8 c2
Event: 3852.676 Thread 0x0000019d075beff0 DEOPT PACKING pc=0x0000019cb3f83b2c sp=0x00000046fc5ff200
Event: 3852.676 Thread 0x0000019d075beff0 DEOPT UNPACKING pc=0x0000019cb2e43aa2 sp=0x00000046fc5ff1a0 mode 2
Event: 3852.680 Thread 0x0000019d075beff0 Uncommon trap: trap_request=0xffffff66 fr.pc=0x0000019cb3f3302c relative=0x000000000000014c
Event: 3852.680 Thread 0x0000019d075beff0 Uncommon trap: reason=speculate_class_check action=maybe_recompile pc=0x0000019cb3f3302c method=org.eclipse.jdt.internal.core.search.indexing.AbstractIndexer.addFieldDeclaration([C[C)V @ 13 c2
Event: 3852.680 Thread 0x0000019d075beff0 DEOPT PACKING pc=0x0000019cb3f3302c sp=0x00000046fc5fee00
Event: 3852.680 Thread 0x0000019d075beff0 DEOPT UNPACKING pc=0x0000019cb2e43aa2 sp=0x00000046fc5feda8 mode 2
Event: 3852.680 Thread 0x0000019d075beff0 Uncommon trap: trap_request=0xffffffde fr.pc=0x0000019cb3ef00e0 relative=0x0000000000001900
Event: 3852.680 Thread 0x0000019d075beff0 Uncommon trap: reason=class_check action=maybe_recompile pc=0x0000019cb3ef00e0 method=org.eclipse.jdt.internal.core.search.indexing.AbstractIndexer.addConstructorReference([CI)V @ 9 c2
Event: 3852.680 Thread 0x0000019d075beff0 DEOPT PACKING pc=0x0000019cb3ef00e0 sp=0x00000046fc5fece0
Event: 3852.680 Thread 0x0000019d075beff0 DEOPT UNPACKING pc=0x0000019cb2e43aa2 sp=0x00000046fc5fece8 mode 2
Event: 3853.856 Thread 0x0000019d08af0690 Uncommon trap: trap_request=0xffffffde fr.pc=0x0000019cb43a1f0c relative=0x00000000000003ec
Event: 3853.856 Thread 0x0000019d08af0690 Uncommon trap: reason=class_check action=maybe_recompile pc=0x0000019cb43a1f0c method=org.eclipse.jdt.internal.compiler.lookup.LookupEnvironment.annotateType(Lorg/eclipse/jdt/internal/compiler/lookup/TypeBinding;Lorg/eclipse/jdt/internal/compiler/env/ITyp
Event: 3853.856 Thread 0x0000019d08af0690 DEOPT PACKING pc=0x0000019cb43a1f0c sp=0x00000046801fcf90
Event: 3853.856 Thread 0x0000019d08af0690 DEOPT UNPACKING pc=0x0000019cb2e43aa2 sp=0x00000046801fcf20 mode 2
Event: 3853.856 Thread 0x0000019d08af0690 Uncommon trap: trap_request=0xffffffde fr.pc=0x0000019cb43a1f0c relative=0x00000000000003ec
Event: 3853.856 Thread 0x0000019d08af0690 Uncommon trap: reason=class_check action=maybe_recompile pc=0x0000019cb43a1f0c method=org.eclipse.jdt.internal.compiler.lookup.LookupEnvironment.annotateType(Lorg/eclipse/jdt/internal/compiler/lookup/TypeBinding;Lorg/eclipse/jdt/internal/compiler/env/ITyp
Event: 3853.856 Thread 0x0000019d08af0690 DEOPT PACKING pc=0x0000019cb43a1f0c sp=0x00000046801fcf90
Event: 3853.857 Thread 0x0000019d08af0690 DEOPT UNPACKING pc=0x0000019cb2e43aa2 sp=0x00000046801fcf20 mode 2

Classes loaded (20 events):
Event: 2142.058 Loading class sun/security/ssl/CipherSuite$1
Event: 2142.058 Loading class sun/security/ssl/CipherSuite$1 done
Event: 2142.071 Loading class java/util/stream/ReduceOps$6
Event: 2142.072 Loading class java/util/stream/ReduceOps$6 done
Event: 2142.072 Loading class java/util/stream/ReduceOps$5ReducingSink
Event: 2142.072 Loading class java/util/stream/ReduceOps$5ReducingSink done
Event: 2142.252 Loading class java/util/stream/FindOps$FindSink$OfLong
Event: 2142.252 Loading class java/util/stream/FindOps$FindSink$OfLong done
Event: 2142.252 Loading class java/util/OptionalLong
Event: 2142.253 Loading class java/util/OptionalLong done
Event: 2144.116 Loading class java/util/function/IntPredicate
Event: 2144.116 Loading class java/util/function/IntPredicate done
Event: 2144.133 Loading class java/util/regex/Pattern$Bound
Event: 2144.134 Loading class java/util/regex/Pattern$Bound done
Event: 3843.465 Loading class jdk/internal/module/IllegalAccessLogger
Event: 3843.468 Loading class jdk/internal/module/IllegalAccessLogger done
Event: 3851.931 Loading class jdk/internal/module/IllegalAccessLogger
Event: 3851.931 Loading class jdk/internal/module/IllegalAccessLogger done
Event: 3853.859 Loading class jdk/internal/module/IllegalAccessLogger
Event: 3853.859 Loading class jdk/internal/module/IllegalAccessLogger done

Classes unloaded (20 events):
Event: 2132.877 Thread 0x0000019cbf234950 Unloading class 0x0000019cc101ec00 'java/lang/invoke/LambdaForm$MH+0x0000019cc101ec00'
Event: 2132.877 Thread 0x0000019cbf234950 Unloading class 0x0000019cc100d800 'java/lang/invoke/LambdaForm$MH+0x0000019cc100d800'
Event: 2132.877 Thread 0x0000019cbf234950 Unloading class 0x0000019cc100d400 'java/lang/invoke/LambdaForm$MH+0x0000019cc100d400'
Event: 2132.877 Thread 0x0000019cbf234950 Unloading class 0x0000019cc100d000 'java/lang/invoke/LambdaForm$MH+0x0000019cc100d000'
Event: 2132.877 Thread 0x0000019cbf234950 Unloading class 0x0000019cc100cc00 'java/lang/invoke/LambdaForm$MH+0x0000019cc100cc00'
Event: 2132.877 Thread 0x0000019cbf234950 Unloading class 0x0000019cc100c800 'java/lang/invoke/LambdaForm$BMH+0x0000019cc100c800'
Event: 2132.877 Thread 0x0000019cbf234950 Unloading class 0x0000019cc100c000 'java/lang/invoke/LambdaForm$DMH+0x0000019cc100c000'
Event: 2132.877 Thread 0x0000019cbf234950 Unloading class 0x0000019cc1008c00 'java/lang/invoke/LambdaForm$MH+0x0000019cc1008c00'
Event: 2132.877 Thread 0x0000019cbf234950 Unloading class 0x0000019cc1008800 'java/lang/invoke/LambdaForm$MH+0x0000019cc1008800'
Event: 2132.877 Thread 0x0000019cbf234950 Unloading class 0x0000019cc1008400 'java/lang/invoke/LambdaForm$MH+0x0000019cc1008400'
Event: 2132.877 Thread 0x0000019cbf234950 Unloading class 0x0000019cc1007000 'java/lang/invoke/LambdaForm$MH+0x0000019cc1007000'
Event: 2132.877 Thread 0x0000019cbf234950 Unloading class 0x0000019cc1006800 'java/lang/invoke/LambdaForm$MH+0x0000019cc1006800'
Event: 2132.878 Thread 0x0000019cbf234950 Unloading class 0x0000019cc1006400 'java/lang/invoke/LambdaForm$MH+0x0000019cc1006400'
Event: 2132.878 Thread 0x0000019cbf234950 Unloading class 0x0000019cc1006000 'java/lang/invoke/LambdaForm$MH+0x0000019cc1006000'
Event: 2132.878 Thread 0x0000019cbf234950 Unloading class 0x0000019cc1005c00 'java/lang/invoke/LambdaForm$BMH+0x0000019cc1005c00'
Event: 2132.878 Thread 0x0000019cbf234950 Unloading class 0x0000019cc1004800 'java/lang/invoke/LambdaForm$DMH+0x0000019cc1004800'
Event: 2132.878 Thread 0x0000019cbf234950 Unloading class 0x0000019cc1002800 'java/lang/invoke/LambdaForm$MH+0x0000019cc1002800'
Event: 2132.878 Thread 0x0000019cbf234950 Unloading class 0x0000019cc1002400 'java/lang/invoke/LambdaForm$MH+0x0000019cc1002400'
Event: 2132.878 Thread 0x0000019cbf234950 Unloading class 0x0000019cc1002000 'java/lang/invoke/LambdaForm$MH+0x0000019cc1002000'
Event: 2132.878 Thread 0x0000019cbf234950 Unloading class 0x0000019cc1001800 'java/lang/invoke/LambdaForm$MH+0x0000019cc1001800'

Classes redefined (0 events):
No events

Internal exceptions (20 events):
Event: 2143.494 Thread 0x0000019d09f23930 Exception <a 'sun/nio/fs/WindowsException'{0x00000000d5755f70}> (0x00000000d5755f70) 
thrown [s\src\hotspot\share\prims\jni.cpp, line 520]
Event: 2143.494 Thread 0x0000019d09f23930 Exception <a 'sun/nio/fs/WindowsException'{0x00000000d5756a58}> (0x00000000d5756a58) 
thrown [s\src\hotspot\share\prims\jni.cpp, line 520]
Event: 2143.495 Thread 0x0000019d09f23930 Exception <a 'sun/nio/fs/WindowsException'{0x00000000d5757e98}> (0x00000000d5757e98) 
thrown [s\src\hotspot\share\prims\jni.cpp, line 520]
Event: 2143.495 Thread 0x0000019d09f23930 Exception <a 'sun/nio/fs/WindowsException'{0x00000000d5758840}> (0x00000000d5758840) 
thrown [s\src\hotspot\share\prims\jni.cpp, line 520]
Event: 2143.537 Thread 0x0000019d09f25370 Implicit null exception at 0x0000019cb3f0f15a to 0x0000019cb3f0f1b3
Event: 2143.804 Thread 0x0000019d075c03a0 Exception <a 'sun/nio/fs/WindowsException'{0x00000000d5945c48}> (0x00000000d5945c48) 
thrown [s\src\hotspot\share\prims\jni.cpp, line 520]
Event: 2143.804 Thread 0x0000019d075c03a0 Exception <a 'sun/nio/fs/WindowsException'{0x00000000d59962c0}> (0x00000000d59962c0) 
thrown [s\src\hotspot\share\prims\jni.cpp, line 520]
Event: 2143.813 Thread 0x0000019d075c03a0 Exception <a 'sun/nio/fs/WindowsException'{0x00000000d560e9f8}> (0x00000000d560e9f8) 
thrown [s\src\hotspot\share\prims\jni.cpp, line 520]
Event: 2143.814 Thread 0x0000019d075c03a0 Exception <a 'sun/nio/fs/WindowsException'{0x00000000d56979c8}> (0x00000000d56979c8) 
thrown [s\src\hotspot\share\prims\jni.cpp, line 520]
Event: 2144.117 Thread 0x0000019d09f25370 Exception <a 'java/lang/NoSuchMethodError'{0x00000000d5e46c40}: 'int java.lang.invoke.DirectMethodHandle$Holder.invokeStaticInit(java.lang.Object, int)'> (0x00000000d5e46c40) 
thrown [s\src\hotspot\share\interpreter\linkResolver.cpp, line 773]
Event: 2144.298 Thread 0x0000019d09f25370 Exception <a 'java/lang/NoSuchMethodError'{0x00000000d56a2798}: 'int java.lang.invoke.DirectMethodHandle$Holder.invokeSpecialIFC(java.lang.Object, java.lang.Object, int)'> (0x00000000d56a2798) 
thrown [s\src\hotspot\share\interpreter\linkResolver.cpp, line 773]
Event: 2218.115 Thread 0x0000019d09f23930 Exception <a 'java/lang/NoSuchMethodError'{0x00000000d5be2ef8}: 'java.lang.Object java.lang.invoke.DirectMethodHandle$Holder.invokeStatic(java.lang.Object, int, java.lang.Object)'> (0x00000000d5be2ef8) 
thrown [s\src\hotspot\share\interpreter\linkResolver.cpp, line 773]
Event: 2218.584 Thread 0x0000019d09f23930 Exception <a 'java/lang/NoSuchMethodError'{0x00000000d59def48}: 'java.lang.Object java.lang.invoke.DirectMethodHandle$Holder.newInvokeSpecial(java.lang.Object, java.lang.Object, int, java.lang.Object, java.lang.Object, java.lang.Object, java.lang.Object)'> (0x00000000d59def48) 
thrown [s\src\hotspot\share\interpreter\linkResolver.cpp, line 773]
Event: 2435.846 Thread 0x0000019d075be960 Exception <a 'sun/nio/fs/WindowsException'{0x00000000d5895088}> (0x00000000d5895088) 
thrown [s\src\hotspot\share\prims\jni.cpp, line 520]
Event: 2435.849 Thread 0x0000019d075be960 Exception <a 'sun/nio/fs/WindowsException'{0x00000000d5895b70}> (0x00000000d5895b70) 
thrown [s\src\hotspot\share\prims\jni.cpp, line 520]
Event: 3842.258 Thread 0x0000019d075beff0 Implicit null exception at 0x0000019cb404605e to 0x0000019cb4048110
Event: 3842.644 Thread 0x0000019d075beff0 Exception <a 'sun/nio/fs/WindowsException'{0x00000000d5586768}> (0x00000000d5586768) 
thrown [s\src\hotspot\share\prims\jni.cpp, line 520]
Event: 3844.708 Thread 0x0000019d075c03a0 Implicit null exception at 0x0000019cb41f586b to 0x0000019cb41f894c
Event: 3851.519 Thread 0x0000019d075beff0 Exception <a 'sun/nio/fs/WindowsException'{0x00000000d56cf328}> (0x00000000d56cf328) 
thrown [s\src\hotspot\share\prims\jni.cpp, line 520]
Event: 3852.096 Thread 0x0000019d075beff0 Exception <a 'sun/nio/fs/WindowsException'{0x00000000d5930710}> (0x00000000d5930710) 
thrown [s\src\hotspot\share\prims\jni.cpp, line 520]

ZGC Phase Switch (0 events):
No events

VM Operations (20 events):
Event: 3851.822 Executing safepoint VM operation: ParallelGCFailedAllocation (Allocation Failure)
Event: 3851.833 Executing safepoint VM operation: ParallelGCFailedAllocation (Allocation Failure) done
Event: 3851.900 Executing safepoint VM operation: ParallelGCFailedAllocation (Allocation Failure)
Event: 3851.916 Executing safepoint VM operation: ParallelGCFailedAllocation (Allocation Failure) done
Event: 3851.936 Executing safepoint VM operation: ParallelGCFailedAllocation (Allocation Failure)
Event: 3851.943 Executing safepoint VM operation: ParallelGCFailedAllocation (Allocation Failure) done
Event: 3851.959 Executing safepoint VM operation: ParallelGCFailedAllocation (Allocation Failure)
Event: 3851.973 Executing safepoint VM operation: ParallelGCFailedAllocation (Allocation Failure) done
Event: 3851.989 Executing safepoint VM operation: ParallelGCFailedAllocation (Allocation Failure)
Event: 3852.000 Executing safepoint VM operation: ParallelGCFailedAllocation (Allocation Failure) done
Event: 3852.103 Executing safepoint VM operation: ParallelGCFailedAllocation (Allocation Failure)
Event: 3852.129 Executing safepoint VM operation: ParallelGCFailedAllocation (Allocation Failure) done
Event: 3853.806 Executing safepoint VM operation: ParallelGCFailedAllocation (Allocation Failure)
Event: 3853.815 Executing safepoint VM operation: ParallelGCFailedAllocation (Allocation Failure) done
Event: 3853.845 Executing safepoint VM operation: ParallelGCFailedAllocation (Allocation Failure)
Event: 3853.853 Executing safepoint VM operation: ParallelGCFailedAllocation (Allocation Failure) done
Event: 3854.863 Executing safepoint VM operation: Cleanup
Event: 3854.864 Executing safepoint VM operation: Cleanup done
Event: 3858.881 Executing safepoint VM operation: Cleanup
Event: 3858.882 Executing safepoint VM operation: Cleanup done

Memory protections (0 events):
No events

Nmethod flushes (20 events):
Event: 2133.189 Thread 0x0000019cbf234950 flushing  nmethod 0x0000019cacca4f90
Event: 2133.189 Thread 0x0000019cbf234950 flushing  nmethod 0x0000019cacca6010
Event: 2133.189 Thread 0x0000019cbf234950 flushing  nmethod 0x0000019cacce1790
Event: 2133.189 Thread 0x0000019cbf234950 flushing  nmethod 0x0000019caccf6890
Event: 2133.189 Thread 0x0000019cbf234950 flushing  nmethod 0x0000019caccf6d10
Event: 2133.189 Thread 0x0000019cbf234950 flushing  nmethod 0x0000019cacd00910
Event: 2133.189 Thread 0x0000019cbf234950 flushing  nmethod 0x0000019cacd00d10
Event: 2133.189 Thread 0x0000019cbf234950 flushing  nmethod 0x0000019cacd2a490
Event: 2133.189 Thread 0x0000019cbf234950 flushing  nmethod 0x0000019cacd6c010
Event: 2133.190 Thread 0x0000019cbf234950 flushing  nmethod 0x0000019cacd83290
Event: 2133.190 Thread 0x0000019cbf234950 flushing  nmethod 0x0000019cacd98210
Event: 2133.190 Thread 0x0000019cbf234950 flushing  nmethod 0x0000019cacdbd210
Event: 2133.190 Thread 0x0000019cbf234950 flushing  nmethod 0x0000019cacee8010
Event: 2133.190 Thread 0x0000019cbf234950 flushing  nmethod 0x0000019cacef1d10
Event: 2133.190 Thread 0x0000019cbf234950 flushing  nmethod 0x0000019cacef4010
Event: 2133.190 Thread 0x0000019cbf234950 flushing  nmethod 0x0000019cacef5710
Event: 2133.190 Thread 0x0000019cbf234950 flushing  nmethod 0x0000019cacef8b90
Event: 2133.190 Thread 0x0000019cbf234950 flushing  nmethod 0x0000019cacef9790
Event: 2133.190 Thread 0x0000019cbf234950 flushing  nmethod 0x0000019cacefa510
Event: 2133.190 Thread 0x0000019cbf234950 flushing  nmethod 0x0000019cacefe190

Events (20 events):
Event: 3059.048 Thread 0x0000019d09f27440 Thread exited: 0x0000019d09f27440
Event: 3119.063 Thread 0x0000019d09f26db0 Thread exited: 0x0000019d09f26db0
Event: 3179.077 Thread 0x0000019d09f232a0 Thread exited: 0x0000019d09f232a0
Event: 3239.079 Thread 0x0000019d09f26090 Thread exited: 0x0000019d09f26090
Event: 3842.625 Thread 0x0000019d0190bec0 Thread added: 0x0000019d0a5851b0
Event: 3842.730 Thread 0x0000019d075c03a0 Thread added: 0x0000019d08af0690
Event: 3843.111 Thread 0x0000019d075c03a0 Thread added: 0x0000019d09f22580
Event: 3843.481 Thread 0x0000019d075c03a0 Thread added: 0x0000019d09f23fc0
Event: 3845.414 Thread 0x0000019d0a5851b0 Thread exited: 0x0000019d0a5851b0
Event: 3846.267 Thread 0x0000019d0190bec0 Thread added: 0x0000019d0a5851b0
Event: 3851.283 Thread 0x0000019d0a5851b0 Thread exited: 0x0000019d0a5851b0
Event: 3851.575 Thread 0x0000019d075be960 Thread added: 0x0000019d09f24650
Event: 3851.729 Thread 0x0000019d075be960 Thread added: 0x0000019d09f22c10
Event: 3852.676 Thread 0x0000019d09f24650 Thread added: 0x0000019d09f21ef0
Event: 3853.782 Thread 0x0000019d01909050 Thread added: 0x0000019d0a5851b0
Event: 3853.802 Thread 0x0000019d08af0690 Thread added: 0x0000019d09f23930
Event: 3853.873 Thread 0x0000019d0a5851b0 Thread added: 0x0000019d081bb760
Event: 3856.432 Thread 0x0000019d08aed210 Thread added: 0x0000019d09f211d0
Event: 3858.128 Thread 0x0000019d0a5851b0 Thread exited: 0x0000019d0a5851b0
Event: 3858.128 Thread 0x0000019d081bb760 Thread exited: 0x0000019d081bb760


Dynamic libraries:
0x00007ff76de70000 - 0x00007ff76de7e000 	c:\Users\ALIS\.vscode\extensions\redhat.java-1.54.0-win32-x64\jre\21.0.10-win32-x86_64\bin\java.exe
0x00007ffa63340000 - 0x00007ffa635a6000 	C:\Windows\SYSTEM32\ntdll.dll
0x00007ffa62810000 - 0x00007ffa628d9000 	C:\Windows\System32\KERNEL32.DLL
0x00007ffa60a80000 - 0x00007ffa60e7a000 	C:\Windows\System32\KERNELBASE.dll
0x00007ffa60e80000 - 0x00007ffa60fcc000 	C:\Windows\System32\ucrtbase.dll
0x00007ffa3bb60000 - 0x00007ffa3bb78000 	c:\Users\ALIS\.vscode\extensions\redhat.java-1.54.0-win32-x64\jre\21.0.10-win32-x86_64\bin\jli.dll
0x00007ffa3bb80000 - 0x00007ffa3bb9e000 	c:\Users\ALIS\.vscode\extensions\redhat.java-1.54.0-win32-x64\jre\21.0.10-win32-x86_64\bin\VCRUNTIME140.dll
0x00007ffa62400000 - 0x00007ffa625c7000 	C:\Windows\System32\USER32.dll
0x00007ffa4a670000 - 0x00007ffa4a902000 	C:\Windows\WinSxS\amd64_microsoft.windows.common-controls_6595b64144ccf1df_6.0.26100.8521_none_3e08b75ce33403b3\COMCTL32.dll
0x00007ffa61080000 - 0x00007ffa610a7000 	C:\Windows\System32\win32u.dll
0x00007ffa61a00000 - 0x00007ffa61aa9000 	C:\Windows\System32\msvcrt.dll
0x00007ffa61ab0000 - 0x00007ffa61adb000 	C:\Windows\System32\GDI32.dll
0x00007ffa60950000 - 0x00007ffa60a7b000 	C:\Windows\System32\gdi32full.dll
0x00007ffa60660000 - 0x00007ffa60703000 	C:\Windows\System32\msvcp_win.dll
0x00007ffa61e70000 - 0x00007ffa61ea2000 	C:\Windows\System32\IMM32.DLL
0x00007ffa3ea10000 - 0x00007ffa3ea1c000 	c:\Users\ALIS\.vscode\extensions\redhat.java-1.54.0-win32-x64\jre\21.0.10-win32-x86_64\bin\vcruntime140_1.dll
0x00007ffa0a120000 - 0x00007ffa0a1ad000 	c:\Users\ALIS\.vscode\extensions\redhat.java-1.54.0-win32-x64\jre\21.0.10-win32-x86_64\bin\msvcp140.dll
0x00007ff9846e0000 - 0x00007ff985481000 	c:\Users\ALIS\.vscode\extensions\redhat.java-1.54.0-win32-x64\jre\21.0.10-win32-x86_64\bin\server\jvm.dll
0x00007ffa62950000 - 0x00007ffa62a06000 	C:\Windows\System32\ADVAPI32.dll
0x00007ffa61af0000 - 0x00007ffa61b9a000 	C:\Windows\System32\sechost.dll
0x00007ffa614d0000 - 0x00007ffa615e8000 	C:\Windows\System32\RPCRT4.dll
0x00007ffa617d0000 - 0x00007ffa61850000 	C:\Windows\System32\WS2_32.dll
0x00007ffa60430000 - 0x00007ffa6048e000 	C:\Windows\SYSTEM32\POWRPROF.dll
0x00007ffa58860000 - 0x00007ffa5886b000 	C:\Windows\SYSTEM32\VERSION.dll
0x00007ffa580e0000 - 0x00007ffa58116000 	C:\Windows\SYSTEM32\WINMM.dll
0x00007ffa60410000 - 0x00007ffa60424000 	C:\Windows\SYSTEM32\UMPDC.dll
0x00007ffa5f320000 - 0x00007ffa5f33b000 	C:\Windows\SYSTEM32\kernel.appcore.dll
0x00007ffa394d0000 - 0x00007ffa394da000 	c:\Users\ALIS\.vscode\extensions\redhat.java-1.54.0-win32-x64\jre\21.0.10-win32-x86_64\bin\jimage.dll
0x00007ffa518a0000 - 0x00007ffa51ae2000 	C:\Windows\SYSTEM32\DBGHELP.DLL
0x00007ffa610b0000 - 0x00007ffa61433000 	C:\Windows\System32\combase.dll
0x00007ffa61d30000 - 0x00007ffa61e09000 	C:\Windows\System32\OLEAUT32.dll
0x00007ffa48f40000 - 0x00007ffa48f7b000 	C:\Windows\SYSTEM32\dbgcore.DLL
0x00007ffa60fd0000 - 0x00007ffa61078000 	C:\Windows\System32\bcryptPrimitives.dll
0x00007ffa38600000 - 0x00007ffa3860f000 	c:\Users\ALIS\.vscode\extensions\redhat.java-1.54.0-win32-x64\jre\21.0.10-win32-x86_64\bin\instrument.dll
0x00007ffa2c4d0000 - 0x00007ffa2c4f0000 	c:\Users\ALIS\.vscode\extensions\redhat.java-1.54.0-win32-x64\jre\21.0.10-win32-x86_64\bin\java.dll
0x00007ffa62b70000 - 0x00007ffa632f4000 	C:\Windows\System32\SHELL32.dll
0x00007ffa5e170000 - 0x00007ffa5e9f0000 	C:\Windows\SYSTEM32\windows.storage.dll
0x00007ffa625d0000 - 0x00007ffa626c6000 	C:\Windows\System32\SHCORE.dll
0x00007ffa628e0000 - 0x00007ffa62947000 	C:\Windows\System32\shlwapi.dll
0x00007ffa604f0000 - 0x00007ffa60519000 	C:\Windows\SYSTEM32\profapi.dll
0x00007ffa0a100000 - 0x00007ffa0a118000 	c:\Users\ALIS\.vscode\extensions\redhat.java-1.54.0-win32-x64\jre\21.0.10-win32-x86_64\bin\zip.dll
0x00007ffa36820000 - 0x00007ffa36830000 	C:\Users\ALIS\.vscode\extensions\redhat.java-1.54.0-win32-x64\jre\21.0.10-win32-x86_64\bin\net.dll
0x00007ffa58460000 - 0x00007ffa58589000 	C:\Windows\SYSTEM32\WINHTTP.dll
0x00007ffa5f870000 - 0x00007ffa5f8dc000 	C:\Windows\system32\mswsock.dll
0x00007ffa060b0000 - 0x00007ffa060c6000 	C:\Users\ALIS\.vscode\extensions\redhat.java-1.54.0-win32-x64\jre\21.0.10-win32-x86_64\bin\nio.dll
0x00007ffa364d0000 - 0x00007ffa364e0000 	c:\Users\ALIS\.vscode\extensions\redhat.java-1.54.0-win32-x64\jre\21.0.10-win32-x86_64\bin\verify.dll
0x00007ffa04990000 - 0x00007ffa049d5000 	C:\Users\ALIS\AppData\Roaming\Code\User\globalStorage\redhat.java\1.54.0\config_win\org.eclipse.equinox.launcher\org.eclipse.equinox.launcher.win32.win32.x86_64_1.3.0.v20260203-2149\eclipse_11919.dll
0x00007ffa61860000 - 0x00007ffa619f8000 	C:\Windows\System32\ole32.dll
0x00007ffa32fa0000 - 0x00007ffa32faa000 	C:\Users\ALIS\.vscode\extensions\redhat.java-1.54.0-win32-x64\jre\21.0.10-win32-x86_64\bin\management.dll
0x00007ffa2f7c0000 - 0x00007ffa2f7cc000 	C:\Users\ALIS\.vscode\extensions\redhat.java-1.54.0-win32-x64\jre\21.0.10-win32-x86_64\bin\management_ext.dll
0x00007ffa623e0000 - 0x00007ffa623e8000 	C:\Windows\System32\PSAPI.DLL
0x00007ffa5fc70000 - 0x00007ffa5fc8b000 	C:\Windows\SYSTEM32\CRYPTSP.dll
0x00007ffa5f280000 - 0x00007ffa5f2b9000 	C:\Windows\system32\rsaenh.dll
0x00007ffa5f920000 - 0x00007ffa5f953000 	C:\Windows\SYSTEM32\USERENV.dll
0x00007ffa604c0000 - 0x00007ffa604ea000 	C:\Windows\SYSTEM32\bcrypt.dll
0x00007ffa5fad0000 - 0x00007ffa5fadc000 	C:\Windows\SYSTEM32\CRYPTBASE.dll
0x00007ffa5ed00000 - 0x00007ffa5ed33000 	C:\Windows\SYSTEM32\IPHLPAPI.DLL
0x00007ffa623f0000 - 0x00007ffa623fa000 	C:\Windows\System32\NSI.dll
0x00007ffa049e0000 - 0x00007ffa04a29000 	C:\Users\ALIS\AppData\Local\Temp\jna-2011797\jna1286304367066097175.dll
0x00007ffa57f80000 - 0x00007ffa57f9d000 	C:\Windows\SYSTEM32\dhcpcsvc6.DLL
0x00007ffa57f50000 - 0x00007ffa57f75000 	C:\Windows\SYSTEM32\dhcpcsvc.DLL
0x00007ffa2ede0000 - 0x00007ffa2edee000 	C:\Users\ALIS\.vscode\extensions\redhat.java-1.54.0-win32-x64\jre\21.0.10-win32-x86_64\bin\sunmscapi.dll
0x00007ffa60710000 - 0x00007ffa60888000 	C:\Windows\System32\CRYPT32.dll
0x00007ffa5fdd0000 - 0x00007ffa5fe00000 	C:\Windows\SYSTEM32\ncrypt.dll
0x00007ffa5fd80000 - 0x00007ffa5fdbf000 	C:\Windows\SYSTEM32\NTASN1.dll
0x00007ffa5ed90000 - 0x00007ffa5eeda000 	C:\Windows\SYSTEM32\DNSAPI.dll
0x00007ffa5f690000 - 0x00007ffa5f69d000 	C:\Windows\SYSTEM32\DSPARSE.dll
0x00007ffa58830000 - 0x00007ffa5883b000 	C:\Windows\System32\rasadhlp.dll
0x00007ffa55580000 - 0x00007ffa55606000 	C:\Windows\System32\fwpuclnt.dll
0x00007ffa2cea0000 - 0x00007ffa2cea9000 	C:\Users\ALIS\.vscode\extensions\redhat.java-1.54.0-win32-x64\jre\21.0.10-win32-x86_64\bin\extnet.dll
0x00007ffa5f440000 - 0x00007ffa5f476000 	C:\Windows\SYSTEM32\ntmarta.dll
0x00007ffa43880000 - 0x00007ffa43888000 	C:\Windows\system32\wshunix.dll

JVMTI agents:
c:\Users\ALIS\.vscode\extensions\redhat.java-1.54.0-win32-x64\lombok\lombok-1.18.39-4050.jar path:c:\Users\ALIS\.vscode\extensions\redhat.java-1.54.0-win32-x64\jre\21.0.10-win32-x86_64\bin\instrument.dll, loaded, initialized, instrumentlib options:none

dbghelp: loaded successfully - version: 4.0.5 - missing functions: none
symbol engine: initialized successfully - sym options: 0x614 - pdb path: .;c:\Users\ALIS\.vscode\extensions\redhat.java-1.54.0-win32-x64\jre\21.0.10-win32-x86_64\bin;C:\Windows\SYSTEM32;C:\Windows\WinSxS\amd64_microsoft.windows.common-controls_6595b64144ccf1df_6.0.26100.8521_none_3e08b75ce33403b3;c:\Users\ALIS\.vscode\extensions\redhat.java-1.54.0-win32-x64\jre\21.0.10-win32-x86_64\bin\server;C:\Users\ALIS\AppData\Roaming\Code\User\globalStorage\redhat.java\1.54.0\config_win\org.eclipse.equinox.launcher\org.eclipse.equinox.launcher.win32.win32.x86_64_1.3.0.v20260203-2149;C:\Users\ALIS\AppData\Local\Temp\jna-2011797

VM Arguments:
jvm_args: --add-modules=ALL-SYSTEM --add-opens=java.base/java.util=ALL-UNNAMED --add-opens=java.base/java.lang=ALL-UNNAMED --add-opens=java.base/sun.nio.fs=ALL-UNNAMED -Declipse.application=org.eclipse.jdt.ls.core.id1 -Dosgi.bundles.defaultStartLevel=4 -Declipse.product=org.eclipse.jdt.ls.core.product -Djava.import.generatesMetadataFilesAtProjectRoot=false -DDetectVMInstallationsJob.disabled=true -Dfile.encoding=utf8 -XX:+UseParallelGC -XX:GCTimeRatio=4 -XX:AdaptiveSizePolicyWeight=90 -Dsun.zip.disableMemoryMapping=true -Xmx2G -Xms100m -Xlog:disable -javaagent:c:\Users\ALIS\.vscode\extensions\redhat.java-1.54.0-win32-x64\lombok\lombok-1.18.39-4050.jar -XX:+HeapDumpOnOutOfMemoryError -XX:HeapDumpPath=c:\Users\ALIS\AppData\Roaming\Code\User\workspaceStorage\47a5bd2dd7c57ef5a14583fc88e77cac\redhat.java -Daether.dependencyCollector.impl=bf 
java_command: c:\Users\ALIS\.vscode\extensions\redhat.java-1.54.0-win32-x64\server\plugins\org.eclipse.equinox.launcher_1.7.100.v20251111-0406.jar -configuration c:\Users\ALIS\AppData\Roaming\Code\User\globalStorage\redhat.java\1.54.0\config_win -data c:\Users\ALIS\AppData\Roaming\Code\User\workspaceStorage\47a5bd2dd7c57ef5a14583fc88e77cac\redhat.java\jdt_ws --pipe=\\.\pipe\lsp-7982ff6d0f35172be2402e1ff63f3b12-sock
java_class_path (initial): c:\Users\ALIS\.vscode\extensions\redhat.java-1.54.0-win32-x64\server\plugins\org.eclipse.equinox.launcher_1.7.100.v20251111-0406.jar
Launcher Type: SUN_STANDARD

[Global flags]
    uintx AdaptiveSizePolicyWeight                 = 90                                        {product} {command line}
     intx CICompilerCount                          = 12                                        {product} {ergonomic}
    uintx GCTimeRatio                              = 4                                         {product} {command line}
     bool HeapDumpOnOutOfMemoryError               = true                                   {manageable} {command line}
    ccstr HeapDumpPath                             = c:\Users\ALIS\AppData\Roaming\Code\User\workspaceStorage\47a5bd2dd7c57ef5a14583fc88e77cac\redhat.java         {manageable} {command line}
   size_t InitialHeapSize                          = 104857600                                 {product} {command line}
   size_t MaxHeapSize                              = 2147483648                                {product} {command line}
   size_t MaxNewSize                               = 715653120                                 {product} {ergonomic}
   size_t MinHeapDeltaBytes                        = 524288                                    {product} {ergonomic}
   size_t MinHeapSize                              = 104857600                                 {product} {command line}
   size_t NewSize                                  = 34603008                                  {product} {ergonomic}
    uintx NonNMethodCodeHeapSize                   = 7602480                                {pd product} {ergonomic}
    uintx NonProfiledCodeHeapSize                  = 122027880                              {pd product} {ergonomic}
   size_t OldSize                                  = 70254592                                  {product} {ergonomic}
    uintx ProfiledCodeHeapSize                     = 122027880                              {pd product} {ergonomic}
    uintx ReservedCodeCacheSize                    = 251658240                              {pd product} {ergonomic}
     bool SegmentedCodeCache                       = true                                      {product} {ergonomic}
   size_t SoftMaxHeapSize                          = 2147483648                             {manageable} {ergonomic}
     bool UseCompressedOops                        = true                           {product lp64_product} {ergonomic}
     bool UseLargePagesIndividualAllocation        = false                                  {pd product} {ergonomic}
     bool UseParallelGC                            = true                                      {product} {command line}

Logging:
Log output configuration:
 #0: stdout all=off uptime,level,tags foldmultilines=false
 #1: stderr all=off uptime,level,tags foldmultilines=false

Release file:
JAVA_VERSION="21.0.10" 
MODULES="java.base java.compiler java.datatransfer java.xml java.prefs java.desktop java.instrument java.logging java.management java.security.sasl java.naming java.rmi java.management.rmi java.net.http java.scripting java.security.jgss java.transaction.xa java.sql java.sql.rowset java.xml.crypto java.se java.smartcardio jdk.accessibility jdk.internal.jvmstat jdk.attach jdk.charsets jdk.internal.opt jdk.zipfs jdk.compiler jdk.crypto.ec jdk.crypto.cryptoki jdk.crypto.mscapi jdk.dynalink jdk.internal.ed jdk.editpad jdk.hotspot.agent jdk.httpserver jdk.internal.le jdk.internal.vm.ci jdk.internal.vm.compiler jdk.internal.vm.compiler.management jdk.jartool jdk.javadoc jdk.jcmd jdk.management jdk.management.agent jdk.jconsole jdk.jdeps jdk.jdwp.agent jdk.jdi jdk.jfr jdk.jshell jdk.jsobject jdk.jstatd jdk.localedata jdk.management.jfr jdk.naming.dns jdk.naming.rmi jdk.net jdk.nio.mapmode jdk.random jdk.sctp jdk.security.auth jdk.security.jgss jdk.unsupported jdk.unsupported.desktop jdk.xml.dom" 

Environment Variables:
JAVA_HOME=C:\Users\ALIS\AppData\Local\Temp\opencode\tools\jdk21
PATH=C:\Python314\Scripts\;C:\Python314\;C:\Windows\system32;C:\Windows;C:\Windows\System32\Wbem;C:\Windows\System32\WindowsPowerShell\v1.0\;C:\Windows\System32\OpenSSH\;C:\Program Files\dotnet\;C:\Program Files\Microsoft SQL Server\170\Tools\Binn\;C:\Program Files (x86)\Microsoft SQL Server\170\Tools\Binn\;C:\Program Files\Microsoft SQL Server\Client SDK\ODBC\180\Tools\Binn\;C:\Program Files\Microsoft SQL Server\170\DTS\Binn\;C:\Program Files\nodejs\;C:\ProgramData\chocolatey\bin;C:\Program Files\Docker\Docker\resources\bin;C:\Program Files\Microsoft SQL Server\Client SDK\ODBC\170\Tools\Binn\;C:\Users\ALIS\AppData\Local\Temp\opencode\tools\jdk21\bin;C:\Users\ALIS\AppData\Local\Temp\opencode\tools\maven\bin;C:\Users\ALIS\AppData\Local\Temp\opencode\tools\tomcat\bin;C:\Users\ALIS\AppData\Local\Temp\opencode\tools\git\cmd;C:\Users\ALIS\AppData\Local\Microsoft\WindowsApps;C:\Users\ALIS\AppData\Local\GitHubDesktop\bin;C:\Users\ALIS\AppData\Local\Programs\Kiro\bin;C:\Users\ALIS\AppData\Roaming\npm;C:\Users\ALIS\AppData\Local\Programs\Microsoft VS Code\bin;C:\Users\ALIS\.dotnet\tools;C:\php;
USERNAME=ALIS
OS=Windows_NT
PROCESSOR_IDENTIFIER=AMD64 Family 25 Model 80 Stepping 0, AuthenticAMD
TMP=C:\Users\ALIS\AppData\Local\Temp
TEMP=C:\Users\ALIS\AppData\Local\Temp




Periodic native trim disabled

---------------  S Y S T E M  ---------------

OS:
 Windows 11 , 64 bit Build 26100 (10.0.26100.8521)
OS uptime: 0 days 4:09 hours
Hyper-V role detected

CPU: total 16 (initial active 16) (16 cores per cpu, 2 threads per core) family 25 model 80 stepping 0 microcode 0xa50000c, cx8, cmov, fxsr, ht, mmx, 3dnowpref, sse, sse2, sse3, ssse3, sse4a, sse4.1, sse4.2, popcnt, lzcnt, tsc, tscinvbit, avx, avx2, aes, erms, clmul, bmi1, bmi2, adx, sha, fma, vzeroupper, clflush, clflushopt, hv, rdtscp, rdpid, fsrm, f16c, cet_ss
Processor Information for the first 16 processors :
  Max Mhz: 2000, Current Mhz: 2000, Mhz Limit: 2000

Memory: 4k page, system-wide physical 5989M (10M free)
TotalPageFile size 24421M (AvailPageFile size 89M)
current process WorkingSet (physical memory assigned to process): 7M, peak: 958M
current process commit charge ("private bytes"): 1289M, peak: 1340M

vm_info: OpenJDK 64-Bit Server VM (21.0.10+7-LTS) for windows-amd64 JRE (21.0.10+7-LTS), built on 2026-01-20T00:00:00Z by "admin" with MS VC++ 17.12 (VS2022)

END.
